<?xml version="1.0" encoding="UTF-8"?>
<!-- Generated by org.testng.reporters.JUnitReportReporter -->
<testsuite hostname="LAPTOP-RLDCMF74" failures="0" tests="1" name="test.OpenGoogle" time="10.311" errors="0" timestamp="2023-08-10T01:33:05 IST" skipped="0">
  <testcase classname="test.OpenGoogle" name="launch" time="10.311"/>
  <system-out/>
</testsuite> <!-- test.OpenGoogle -->
