<?xml version="1.0" encoding="UTF-8"?>
<!-- Generated by org.testng.reporters.JUnitReportReporter -->
<testsuite hostname="LAPTOP-RLDCMF74" failures="0" tests="1" name="test.one_OpenGoogleTest" time="7.240" errors="0" timestamp="2023-08-13T00:54:49 IST" skipped="0">
  <testcase classname="test.one_OpenGoogleTest" name="launchone" time="7.240"/>
  <system-out/>
</testsuite> <!-- test.one_OpenGoogleTest -->
