<?xml version="1.0" encoding="UTF-8"?>
<!-- Generated by org.testng.reporters.JUnitReportReporter -->
<testsuite hostname="LAPTOP-RLDCMF74" failures="0" tests="1" name="test.two_OpenGoogleTest" time="7.455" errors="0" timestamp="2023-08-13T01:12:14 IST" skipped="0">
  <testcase classname="test.two_OpenGoogleTest" name="launchthree" time="7.455"/>
  <system-out/>
</testsuite> <!-- test.two_OpenGoogleTest -->
