<?xml version="1.0" encoding="UTF-8"?>
<!-- Generated by org.testng.reporters.JUnitReportReporter -->
<testsuite hostname="LAPTOP-RLDCMF74" failures="0" tests="1" name="test.SampleTest" time="0.007" errors="0" timestamp="2023-08-10T02:01:32 IST" skipped="0">
  <testcase classname="test.SampleTest" name="m1" time="0.007"/>
  <system-out/>
</testsuite> <!-- test.SampleTest -->
