<?xml version="1.0" encoding="UTF-8"?>
<!-- Generated by org.testng.reporters.JUnitReportReporter -->
<testsuite hostname="LAPTOP-RLDCMF74" failures="0" tests="3" name="test.Test2" time="0.004" errors="0" timestamp="2023-07-10T19:26:23 IST" skipped="0">
  <testcase classname="test.Test2" name="A4" time="0.001"/>
  <system-out/>
  <testcase classname="test.Test2" name="A6" time="0.002"/>
  <system-out/>
  <testcase classname="test.Test2" name="A5" time="0.001"/>
  <system-out/>
</testsuite> <!-- test.Test2 -->
