<?xml version="1.0" encoding="UTF-8"?>
<!-- Generated by org.testng.reporters.JUnitReportReporter -->
<testsuite hostname="LAPTOP-RLDCMF74" failures="0" tests="3" name="test.Test1" time="0.019" errors="0" timestamp="2023-07-10T19:26:23 IST" skipped="0">
  <testcase classname="test.Test1" name="A3" time="0.003"/>
  <system-out/>
  <testcase classname="test.Test1" name="A1" time="0.014"/>
  <system-out/>
  <testcase classname="test.Test1" name="A2" time="0.002"/>
  <system-out/>
</testsuite> <!-- test.Test1 -->
