<?xml version="1.0" encoding="UTF-8"?>
<!-- Generated by org.testng.reporters.JUnitReportReporter -->
<testsuite hostname="LAPTOP-RLDCMF74" failures="0" tests="1" name="test.three_OpenGoogleTest" time="3.619" errors="0" timestamp="2023-08-15T01:14:26 IST" skipped="0">
  <testcase classname="test.three_OpenGoogleTest" name="launchtwo" time="3.619"/>
  <system-out/>
</testsuite> <!-- test.three_OpenGoogleTest -->
