<?xml version="1.0" encoding="UTF-8"?>
<!-- Generated by org.testng.reporters.JUnitReportReporter -->
<testsuite hostname="LAPTOP-RLDCMF74" failures="0" tests="1" name="test.two_OpenGoogleTest" time="3.784" errors="0" timestamp="2023-08-14T21:38:16 IST" skipped="0">
  <testcase classname="test.two_OpenGoogleTest" name="launchthree" time="3.784"/>
  <system-out/>
</testsuite> <!-- test.two_OpenGoogleTest -->
