<?xml version="1.0" encoding="UTF-8"?>
<!-- Generated by org.testng.reporters.JUnitReportReporter -->
<testsuite hostname="LAPTOP-RLDCMF74" failures="0" tests="1" name="test.two_OpenGoogleTest" time="5.175" errors="0" timestamp="2023-08-15T01:51:38 IST" skipped="0">
  <testcase classname="test.two_OpenGoogleTest" name="launchthree" time="5.175"/>
  <system-out/>
</testsuite> <!-- test.two_OpenGoogleTest -->
